This file contains any messages produced by compilers while
running configure, to aid debugging if configure makes a mistake.

It was created by configure, which was
generated by GNU Autoconf 2.61.  Invocation command line was

  $ ./configure --prefix=/Data2/guoyq/program_install/

## --------- ##
## Platform. ##
## --------- ##

hostname = eagle
uname -m = x86_64
uname -r = 5.4.0-91-generic
uname -s = Linux
uname -v = #102-Ubuntu SMP Fri Nov 5 16:31:28 UTC 2021

/usr/bin/uname -p = x86_64
/bin/uname -X     = unknown

/bin/arch              = x86_64
/usr/bin/arch -k       = unknown
/usr/convex/getsysinfo = unknown
/usr/bin/hostinfo      = unknown
/bin/machine           = unknown
/usr/bin/oslevel       = unknown
/bin/universe          = unknown

PATH: /home/yuqi/.vscode-server/bin/f80445acd5a3dadef24aa209168452a3d97cc326/bin/remote-cli
PATH: /home/yuqi/.local/bin
PATH: /home/yuqi/.cargo/bin
PATH: /usr/local/sbin
PATH: /usr/local/bin
PATH: /usr/sbin
PATH: /usr/bin
PATH: /sbin
PATH: /bin
PATH: /usr/games
PATH: /usr/local/games
PATH: /snap/bin
PATH: /home/yuqi/.rvm/bin
PATH: /home/yuqi/.rvm/bin
PATH: /home/yuqi/.rvm/bin


## ----------- ##
## Core tests. ##
## ----------- ##

configure:1976: checking for a BSD-compatible install
configure:2032: result: /usr/bin/install -c
configure:2043: checking whether build environment is sane
configure:2086: result: yes
configure:2119: checking for gawk
configure:2135: found /usr/bin/gawk
configure:2146: result: gawk
configure:2157: checking whether make sets $(MAKE)
configure:2178: result: yes
configure:2359: checking whether to enable maintainer-specific portions of Makefiles
configure:2368: result: no
configure:2434: checking for gcc
configure:2461: result: /Data2/guoyq/InstrumentTool_build/bin/clang
configure:2699: checking for C compiler version
configure:2706: /Data2/guoyq/InstrumentTool_build/bin/clang --version >&5
clang version 12.0.0 (git@github.com:guoyuqi020/InstrumentTool.git 954839c5da0bf9904f8014c035875b4446af45b0)
Target: x86_64-unknown-linux-gnu
Thread model: posix
InstalledDir: /Data2/guoyq/InstrumentTool_build/bin
configure:2709: $? = 0
configure:2716: /Data2/guoyq/InstrumentTool_build/bin/clang -v >&5
clang version 12.0.0 (git@github.com:guoyuqi020/InstrumentTool.git 954839c5da0bf9904f8014c035875b4446af45b0)
Target: x86_64-unknown-linux-gnu
Thread model: posix
InstalledDir: /Data2/guoyq/InstrumentTool_build/bin
Found candidate GCC installation: /usr/lib/gcc/x86_64-linux-gnu/7
Found candidate GCC installation: /usr/lib/gcc/x86_64-linux-gnu/7.5.0
Found candidate GCC installation: /usr/lib/gcc/x86_64-linux-gnu/8
Found candidate GCC installation: /usr/lib/gcc/x86_64-linux-gnu/9
Selected GCC installation: /usr/lib/gcc/x86_64-linux-gnu/9
Candidate multilib: .;@m64
Candidate multilib: 32;@m32
Candidate multilib: x32;@mx32
Selected multilib: .;@m64
Found CUDA installation: /usr/local/cuda, version 11.0
configure:2719: $? = 0
configure:2726: /Data2/guoyq/InstrumentTool_build/bin/clang -V >&5
clang-12: error: argument to '-V' is missing (expected 1 value)
clang-12: error: no input files
configure:2729: $? = 1
configure:2752: checking for C compiler default output file name
configure:2779: /Data2/guoyq/InstrumentTool_build/bin/clang -g -fsanitize=trace  -g -fsanitize=trace conftest.c  >&5
configure:2782: $? = 0
configure:2820: result: a.out
configure:2837: checking whether the C compiler works
configure:2847: ./a.out
configure:2850: $? = 0
configure:2867: result: yes
configure:2874: checking whether we are cross compiling
configure:2876: result: no
configure:2879: checking for suffix of executables
configure:2886: /Data2/guoyq/InstrumentTool_build/bin/clang -o conftest -g -fsanitize=trace  -g -fsanitize=trace conftest.c  >&5
configure:2889: $? = 0
configure:2913: result: 
configure:2919: checking for suffix of object files
configure:2945: /Data2/guoyq/InstrumentTool_build/bin/clang -c -g -fsanitize=trace  conftest.c >&5
configure:2948: $? = 0
configure:2971: result: o
configure:2975: checking whether we are using the GNU C compiler
configure:3004: /Data2/guoyq/InstrumentTool_build/bin/clang -c -g -fsanitize=trace  conftest.c >&5
configure:3010: $? = 0
configure:3027: result: yes
configure:3032: checking whether /Data2/guoyq/InstrumentTool_build/bin/clang accepts -g
configure:3062: /Data2/guoyq/InstrumentTool_build/bin/clang -c -g  conftest.c >&5
configure:3068: $? = 0
configure:3167: result: yes
configure:3184: checking for /Data2/guoyq/InstrumentTool_build/bin/clang option to accept ISO C89
configure:3258: /Data2/guoyq/InstrumentTool_build/bin/clang  -c -g -fsanitize=trace  conftest.c >&5
configure:3264: $? = 0
configure:3287: result: none needed
configure:3316: checking for style of include used by make
configure:3344: result: GNU
configure:3372: checking dependency style of /Data2/guoyq/InstrumentTool_build/bin/clang
configure:3455: result: gcc3
configure:3588: checking for C++ compiler version
configure:3595: /Data2/guoyq/InstrumentTool_build/bin/clang++ --version >&5
clang version 12.0.0 (git@github.com:guoyuqi020/InstrumentTool.git 954839c5da0bf9904f8014c035875b4446af45b0)
Target: x86_64-unknown-linux-gnu
Thread model: posix
InstalledDir: /Data2/guoyq/InstrumentTool_build/bin
configure:3598: $? = 0
configure:3605: /Data2/guoyq/InstrumentTool_build/bin/clang++ -v >&5
clang version 12.0.0 (git@github.com:guoyuqi020/InstrumentTool.git 954839c5da0bf9904f8014c035875b4446af45b0)
Target: x86_64-unknown-linux-gnu
Thread model: posix
InstalledDir: /Data2/guoyq/InstrumentTool_build/bin
Found candidate GCC installation: /usr/lib/gcc/x86_64-linux-gnu/7
Found candidate GCC installation: /usr/lib/gcc/x86_64-linux-gnu/7.5.0
Found candidate GCC installation: /usr/lib/gcc/x86_64-linux-gnu/8
Found candidate GCC installation: /usr/lib/gcc/x86_64-linux-gnu/9
Selected GCC installation: /usr/lib/gcc/x86_64-linux-gnu/9
Candidate multilib: .;@m64
Candidate multilib: 32;@m32
Candidate multilib: x32;@mx32
Selected multilib: .;@m64
Found CUDA installation: /usr/local/cuda, version 11.0
configure:3608: $? = 0
configure:3615: /Data2/guoyq/InstrumentTool_build/bin/clang++ -V >&5
clang-12: error: argument to '-V' is missing (expected 1 value)
clang-12: error: no input files
configure:3618: $? = 1
configure:3621: checking whether we are using the GNU C++ compiler
configure:3650: /Data2/guoyq/InstrumentTool_build/bin/clang++ -c -g -fsanitize=trace  conftest.cpp >&5
configure:3656: $? = 0
configure:3673: result: yes
configure:3678: checking whether /Data2/guoyq/InstrumentTool_build/bin/clang++ accepts -g
configure:3708: /Data2/guoyq/InstrumentTool_build/bin/clang++ -c -g  conftest.cpp >&5
configure:3714: $? = 0
configure:3813: result: yes
configure:3838: checking dependency style of /Data2/guoyq/InstrumentTool_build/bin/clang++
configure:3921: result: gcc3
configure:3944: checking how to run the C preprocessor
configure:3984: /Data2/guoyq/InstrumentTool_build/bin/clang -E  conftest.c
configure:3990: $? = 0
configure:4021: /Data2/guoyq/InstrumentTool_build/bin/clang -E  conftest.c
conftest.c:10:10: fatal error: 'ac_nonexistent.h' file not found
#include <ac_nonexistent.h>
         ^~~~~~~~~~~~~~~~~~
1 error generated.
configure:4027: $? = 1
configure: failed program was:
| /* confdefs.h.  */
| #define PACKAGE_NAME ""
| #define PACKAGE_TARNAME ""
| #define PACKAGE_VERSION ""
| #define PACKAGE_STRING ""
| #define PACKAGE_BUGREPORT ""
| #define PACKAGE "httrack"
| #define VERSION "3.43.9"
| /* end confdefs.h.  */
| #include <ac_nonexistent.h>
configure:4060: result: /Data2/guoyq/InstrumentTool_build/bin/clang -E
configure:4089: /Data2/guoyq/InstrumentTool_build/bin/clang -E  conftest.c
configure:4095: $? = 0
configure:4126: /Data2/guoyq/InstrumentTool_build/bin/clang -E  conftest.c
conftest.c:10:10: fatal error: 'ac_nonexistent.h' file not found
#include <ac_nonexistent.h>
         ^~~~~~~~~~~~~~~~~~
1 error generated.
configure:4132: $? = 1
configure: failed program was:
| /* confdefs.h.  */
| #define PACKAGE_NAME ""
| #define PACKAGE_TARNAME ""
| #define PACKAGE_VERSION ""
| #define PACKAGE_STRING ""
| #define PACKAGE_BUGREPORT ""
| #define PACKAGE "httrack"
| #define VERSION "3.43.9"
| /* end confdefs.h.  */
| #include <ac_nonexistent.h>
configure:4170: checking for grep that handles long lines and -e
configure:4244: result: /usr/bin/grep
configure:4249: checking for egrep
configure:4327: result: /usr/bin/grep -E
configure:4332: checking for ANSI C header files
configure:4362: /Data2/guoyq/InstrumentTool_build/bin/clang -c -g -fsanitize=trace  conftest.c >&5
configure:4368: $? = 0
configure:4467: /Data2/guoyq/InstrumentTool_build/bin/clang -o conftest -g -fsanitize=trace  -g -fsanitize=trace conftest.c  >&5
configure:4470: $? = 0
configure:4476: ./conftest
configure:4479: $? = 0
configure:4496: result: yes
configure:4584: checking build system type
configure:4602: result: x86_64-unknown-linux-gnu
configure:4624: checking host system type
configure:4639: result: x86_64-unknown-linux-gnu
configure:4661: checking for a sed that does not truncate output
configure:4717: result: /usr/bin/sed
configure:4731: checking for ld used by /Data2/guoyq/InstrumentTool_build/bin/clang
configure:4798: result: /usr/bin/ld
configure:4807: checking if the linker (/usr/bin/ld) is GNU ld
configure:4822: result: yes
configure:4827: checking for /usr/bin/ld option to reload object files
configure:4834: result: -r
configure:4852: checking for BSD-compatible nm
configure:4901: result: /usr/bin/nm -B
configure:4905: checking whether ln -s works
configure:4909: result: yes
configure:4916: checking how to recognize dependent libraries
configure:5102: result: pass_all
configure:5190: /Data2/guoyq/InstrumentTool_build/bin/clang -c -g -fsanitize=trace  conftest.c >&5
configure:5193: $? = 0
configure:5355: checking for sys/types.h
configure:5376: /Data2/guoyq/InstrumentTool_build/bin/clang -c -g -fsanitize=trace  conftest.c >&5
configure:5382: $? = 0
configure:5398: result: yes
configure:5355: checking for sys/stat.h
configure:5376: /Data2/guoyq/InstrumentTool_build/bin/clang -c -g -fsanitize=trace  conftest.c >&5
configure:5382: $? = 0
configure:5398: result: yes
configure:5355: checking for stdlib.h
configure:5376: /Data2/guoyq/InstrumentTool_build/bin/clang -c -g -fsanitize=trace  conftest.c >&5
configure:5382: $? = 0
configure:5398: result: yes
configure:5355: checking for string.h
configure:5376: /Data2/guoyq/InstrumentTool_build/bin/clang -c -g -fsanitize=trace  conftest.c >&5
configure:5382: $? = 0
configure:5398: result: yes
configure:5355: checking for memory.h
configure:5376: /Data2/guoyq/InstrumentTool_build/bin/clang -c -g -fsanitize=trace  conftest.c >&5
configure:5382: $? = 0
configure:5398: result: yes
configure:5355: checking for strings.h
configure:5376: /Data2/guoyq/InstrumentTool_build/bin/clang -c -g -fsanitize=trace  conftest.c >&5
configure:5382: $? = 0
configure:5398: result: yes
configure:5355: checking for inttypes.h
configure:5376: /Data2/guoyq/InstrumentTool_build/bin/clang -c -g -fsanitize=trace  conftest.c >&5
configure:5382: $? = 0
configure:5398: result: yes
configure:5355: checking for stdint.h
configure:5376: /Data2/guoyq/InstrumentTool_build/bin/clang -c -g -fsanitize=trace  conftest.c >&5
configure:5382: $? = 0
configure:5398: result: yes
configure:5355: checking for unistd.h
configure:5376: /Data2/guoyq/InstrumentTool_build/bin/clang -c -g -fsanitize=trace  conftest.c >&5
configure:5382: $? = 0
configure:5398: result: yes
configure:5425: checking dlfcn.h usability
configure:5442: /Data2/guoyq/InstrumentTool_build/bin/clang -c -g -fsanitize=trace  conftest.c >&5
configure:5448: $? = 0
configure:5462: result: yes
configure:5466: checking dlfcn.h presence
configure:5481: /Data2/guoyq/InstrumentTool_build/bin/clang -E  conftest.c
configure:5487: $? = 0
configure:5501: result: yes
configure:5529: checking for dlfcn.h
configure:5537: result: yes
configure:5560: checking how to run the C++ preprocessor
configure:5596: /Data2/guoyq/InstrumentTool_build/bin/clang++ -E  conftest.cpp
configure:5602: $? = 0
configure:5633: /Data2/guoyq/InstrumentTool_build/bin/clang++ -E  conftest.cpp
conftest.cpp:21:10: fatal error: 'ac_nonexistent.h' file not found
#include <ac_nonexistent.h>
         ^~~~~~~~~~~~~~~~~~
1 error generated.
configure:5639: $? = 1
configure: failed program was:
| /* confdefs.h.  */
| #define PACKAGE_NAME ""
| #define PACKAGE_TARNAME ""
| #define PACKAGE_VERSION ""
| #define PACKAGE_STRING ""
| #define PACKAGE_BUGREPORT ""
| #define PACKAGE "httrack"
| #define VERSION "3.43.9"
| #define STDC_HEADERS 1
| #define HAVE_SYS_TYPES_H 1
| #define HAVE_SYS_STAT_H 1
| #define HAVE_STDLIB_H 1
| #define HAVE_STRING_H 1
| #define HAVE_MEMORY_H 1
| #define HAVE_STRINGS_H 1
| #define HAVE_INTTYPES_H 1
| #define HAVE_STDINT_H 1
| #define HAVE_UNISTD_H 1
| #define HAVE_DLFCN_H 1
| /* end confdefs.h.  */
| #include <ac_nonexistent.h>
configure:5672: result: /Data2/guoyq/InstrumentTool_build/bin/clang++ -E
configure:5701: /Data2/guoyq/InstrumentTool_build/bin/clang++ -E  conftest.cpp
configure:5707: $? = 0
configure:5738: /Data2/guoyq/InstrumentTool_build/bin/clang++ -E  conftest.cpp
conftest.cpp:21:10: fatal error: 'ac_nonexistent.h' file not found
#include <ac_nonexistent.h>
         ^~~~~~~~~~~~~~~~~~
1 error generated.
configure:5744: $? = 1
configure: failed program was:
| /* confdefs.h.  */
| #define PACKAGE_NAME ""
| #define PACKAGE_TARNAME ""
| #define PACKAGE_VERSION ""
| #define PACKAGE_STRING ""
| #define PACKAGE_BUGREPORT ""
| #define PACKAGE "httrack"
| #define VERSION "3.43.9"
| #define STDC_HEADERS 1
| #define HAVE_SYS_TYPES_H 1
| #define HAVE_SYS_STAT_H 1
| #define HAVE_STDLIB_H 1
| #define HAVE_STRING_H 1
| #define HAVE_MEMORY_H 1
| #define HAVE_STRINGS_H 1
| #define HAVE_INTTYPES_H 1
| #define HAVE_STDINT_H 1
| #define HAVE_UNISTD_H 1
| #define HAVE_DLFCN_H 1
| /* end confdefs.h.  */
| #include <ac_nonexistent.h>
configure:5837: checking for g77
configure:5867: result: no
configure:5837: checking for xlf
configure:5867: result: no
configure:5837: checking for f77
configure:5853: found /usr/bin/f77
configure:5864: result: f77
configure:5894: checking for Fortran 77 compiler version
configure:5901: f77 --version >&5
GNU Fortran (Ubuntu 9.3.0-17ubuntu1~20.04) 9.3.0
Copyright (C) 2019 Free Software Foundation, Inc.
This is free software; see the source for copying conditions.  There is NO
warranty; not even for MERCHANTABILITY or FITNESS FOR A PARTICULAR PURPOSE.

configure:5904: $? = 0
configure:5911: f77 -v >&5
Using built-in specs.
COLLECT_GCC=f77
COLLECT_LTO_WRAPPER=/usr/lib/gcc/x86_64-linux-gnu/9/lto-wrapper
OFFLOAD_TARGET_NAMES=nvptx-none:hsa
OFFLOAD_TARGET_DEFAULT=1
Target: x86_64-linux-gnu
Configured with: ../src/configure -v --with-pkgversion='Ubuntu 9.3.0-17ubuntu1~20.04' --with-bugurl=file:///usr/share/doc/gcc-9/README.Bugs --enable-languages=c,ada,c++,go,brig,d,fortran,objc,obj-c++,gm2 --prefix=/usr --with-gcc-major-version-only --program-suffix=-9 --program-prefix=x86_64-linux-gnu- --enable-shared --enable-linker-build-id --libexecdir=/usr/lib --without-included-gettext --enable-threads=posix --libdir=/usr/lib --enable-nls --enable-clocale=gnu --enable-libstdcxx-debug --enable-libstdcxx-time=yes --with-default-libstdcxx-abi=new --enable-gnu-unique-object --disable-vtable-verify --enable-plugin --enable-default-pie --with-system-zlib --with-target-system-zlib=auto --enable-objc-gc=auto --enable-multiarch --disable-werror --with-arch-32=i686 --with-abi=m64 --with-multilib-list=m32,m64,mx32 --enable-multilib --with-tune=generic --enable-offload-targets=nvptx-none=/build/gcc-9-HskZEa/gcc-9-9.3.0/debian/tmp-nvptx/usr,hsa --without-cuda-driver --enable-checking=release --build=x86_64-linux-gnu --host=x86_64-linux-gnu --target=x86_64-linux-gnu
Thread model: posix
gcc version 9.3.0 (Ubuntu 9.3.0-17ubuntu1~20.04) 
configure:5914: $? = 0
configure:5921: f77 -V >&5
f77: error: unrecognized command line option '-V'
f77: fatal error: no input files
compilation terminated.
configure:5924: $? = 1
configure:5932: checking whether we are using the GNU Fortran 77 compiler
configure:5951: f77 -c  conftest.F >&5
configure:5957: $? = 0
configure:5974: result: yes
configure:5980: checking whether f77 accepts -g
configure:5997: f77 -c -g conftest.f >&5
configure:6003: $? = 0
configure:6019: result: yes
configure:6048: checking the maximum length of command line arguments
configure:6160: result: 1572864
configure:6172: checking command to parse /usr/bin/nm -B output from /Data2/guoyq/InstrumentTool_build/bin/clang object
configure:6277: /Data2/guoyq/InstrumentTool_build/bin/clang -c -g -fsanitize=trace  conftest.c >&5
configure:6280: $? = 0
configure:6284: /usr/bin/nm -B conftest.o \| sed -n -e 's/^.*[ 	]\([ABCDGIRSTW][ABCDGIRSTW]*\)[ 	][ 	]*\([_A-Za-z][_A-Za-z0-9]*\)$/\1 \2 \2/p' \> conftest.nm
configure:6287: $? = 0
configure:6339: /Data2/guoyq/InstrumentTool_build/bin/clang -o conftest -g -fsanitize=trace  -g -fsanitize=trace conftest.c conftstm.o >&5
configure:6342: $? = 0
configure:6380: result: ok
configure:6384: checking for objdir
configure:6399: result: .libs
configure:6491: checking for ar
configure:6507: found /usr/bin/ar
configure:6518: result: ar
configure:6587: checking for ranlib
configure:6603: found /usr/bin/ranlib
configure:6614: result: ranlib
configure:6683: checking for strip
configure:6699: found /usr/bin/strip
configure:6710: result: strip
configure:7308: checking if /Data2/guoyq/InstrumentTool_build/bin/clang supports -fno-rtti -fno-exceptions
configure:7331: /Data2/guoyq/InstrumentTool_build/bin/clang -c -g -fsanitize=trace  -fno-rtti -fno-exceptions conftest.c >&5
configure:7335: $? = 0
configure:7343: result: yes
configure:7333: checking for /Data2/guoyq/InstrumentTool_build/bin/clang option to produce PIC
configure:7565: result: -fPIC
configure:7573: checking if /Data2/guoyq/InstrumentTool_build/bin/clang PIC flag -fPIC works
configure:7621: /Data2/guoyq/InstrumentTool_build/bin/clang -c -g -fsanitize=trace  -fPIC -DPIC conftest.c >&5
configure:7625: $? = 0
configure:7608: result: yes
configure:7607: checking if /Data2/guoyq/InstrumentTool_build/bin/clang static flag -static works
configure:7635: result: yes
configure:7645: checking if /Data2/guoyq/InstrumentTool_build/bin/clang supports -c -o file.o
configure:7725: /Data2/guoyq/InstrumentTool_build/bin/clang -c -g -fsanitize=trace  -o out/conftest2.o conftest.c >&5
configure:7729: $? = 0
configure:7668: result: yes
configure:7694: checking whether the /Data2/guoyq/InstrumentTool_build/bin/clang linker (/usr/bin/ld -m elf_x86_64) supports shared libraries
configure:8675: result: yes
configure:8696: checking whether -lc should be explicitly linked in
configure:8701: /Data2/guoyq/InstrumentTool_build/bin/clang -c -g -fsanitize=trace  conftest.c >&5
configure:8704: $? = 0
configure:8719: /Data2/guoyq/InstrumentTool_build/bin/clang -shared conftest.o  -v -Wl,-soname -Wl,conftest -o conftest 2\>\&1 \| grep  -lc  \>/dev/null 2\>\&1
configure:8722: $? = 0
configure:8734: result: no
configure:8742: checking dynamic linker characteristics
configure:9356: result: GNU/Linux ld.so
configure:9380: checking how to hardcode library paths into programs
configure:9405: result: immediate
configure:9419: checking whether stripping libraries is possible
configure:9424: result: yes
configure:10226: checking if libtool supports shared libraries
configure:10228: result: yes
configure:10231: checking whether to build shared libraries
configure:10252: result: yes
configure:10255: checking whether to build static libraries
configure:10259: result: yes
configure:10353: creating libtool
configure:10946: checking for ld used by /Data2/guoyq/InstrumentTool_build/bin/clang++
configure:11013: result: /usr/bin/ld -m elf_x86_64
configure:11022: checking if the linker (/usr/bin/ld -m elf_x86_64) is GNU ld
configure:11037: result: yes
configure:11088: checking whether the /Data2/guoyq/InstrumentTool_build/bin/clang++ linker (/usr/bin/ld -m elf_x86_64) supports shared libraries
configure:12034: result: yes
configure:12051: /Data2/guoyq/InstrumentTool_build/bin/clang++ -c -g -fsanitize=trace  conftest.cpp >&5
configure:12054: $? = 0
configure:12210: checking for /Data2/guoyq/InstrumentTool_build/bin/clang++ option to produce PIC
configure:12494: result: -fPIC
configure:12502: checking if /Data2/guoyq/InstrumentTool_build/bin/clang++ PIC flag -fPIC works
configure:12603: /Data2/guoyq/InstrumentTool_build/bin/clang++ -c -g -fsanitize=trace  -fPIC -DPIC conftest.cpp >&5
configure:12607: $? = 0
configure:12537: result: yes
configure:12565: checking if /Data2/guoyq/InstrumentTool_build/bin/clang++ static flag -static works
configure:12593: result: yes
configure:12603: checking if /Data2/guoyq/InstrumentTool_build/bin/clang++ supports -c -o file.o
configure:12707: /Data2/guoyq/InstrumentTool_build/bin/clang++ -c -g -fsanitize=trace  -o out/conftest2.o conftest.cpp >&5
configure:12711: $? = 0
configure:12650: result: yes
configure:12676: checking whether the /Data2/guoyq/InstrumentTool_build/bin/clang++ linker (/usr/bin/ld -m elf_x86_64) supports shared libraries
configure:12705: result: yes
configure:12772: checking dynamic linker characteristics
configure:13334: result: GNU/Linux ld.so
configure:13358: checking how to hardcode library paths into programs
configure:13383: result: immediate
configure:13922: checking if libtool supports shared libraries
configure:13924: result: yes
configure:13927: checking whether to build shared libraries
configure:13947: result: yes
configure:13950: checking whether to build static libraries
configure:13954: result: yes
configure:13964: checking for f77 option to produce PIC
configure:14196: result: -fPIC
configure:14204: checking if f77 PIC flag -fPIC works
configure:14305: f77 -c -g -O2 -fPIC conftest.f >&5
configure:14309: $? = 0
configure:14239: result: yes
configure:14267: checking if f77 static flag -static works
configure:14295: result: no
configure:14305: checking if f77 supports -c -o file.o
configure:14409: f77 -c -g -O2 -o out/conftest2.o conftest.f >&5
configure:14413: $? = 0
configure:14352: result: yes
configure:14378: checking whether the f77 linker (/usr/bin/ld -m elf_x86_64) supports shared libraries
configure:15339: result: yes
configure:15406: checking dynamic linker characteristics
configure:15968: result: GNU/Linux ld.so
configure:15992: checking how to hardcode library paths into programs
configure:16017: result: immediate
configure:19630: checking whether ln -s works
configure:19634: result: yes
configure:19659: checking for long
configure:19689: /Data2/guoyq/InstrumentTool_build/bin/clang -c -g -fsanitize=trace  conftest.c >&5
configure:19695: $? = 0
configure:19710: result: yes
configure:19717: checking size of long
configure:20019: /Data2/guoyq/InstrumentTool_build/bin/clang -o conftest -g -fsanitize=trace  -g -fsanitize=trace conftest.c  >&5
configure:20022: $? = 0
configure:20028: ./conftest
configure:20031: $? = 0
configure:20054: result: 8
configure:20064: checking for long long
configure:20094: /Data2/guoyq/InstrumentTool_build/bin/clang -c -g -fsanitize=trace  conftest.c >&5
configure:20100: $? = 0
configure:20115: result: yes
configure:20122: checking size of long long
configure:20424: /Data2/guoyq/InstrumentTool_build/bin/clang -o conftest -g -fsanitize=trace  -g -fsanitize=trace conftest.c  >&5
configure:20427: $? = 0
configure:20433: ./conftest
configure:20436: $? = 0
configure:20459: result: 8
configure:20472: checking long printf format
configure:20498: /Data2/guoyq/InstrumentTool_build/bin/clang -o conftest -g -fsanitize=trace  -g -fsanitize=trace conftest.c  >&5
conftest.c:24:1: warning: type specifier missing, defaults to 'int' [-Wimplicit-int]
main() { long int c = -1, d = -1; char* f = "%ld"; sscanf("1234", f, &c, &d);
^
conftest.c:25:10: warning: implicitly declaring library function 'exit' with type 'void (int) __attribute__((noreturn))' [-Wimplicit-function-declaration]
         exit (c != 1234 || d != -1); }
         ^
conftest.c:25:10: note: include the header <stdlib.h> or explicitly provide a declaration for 'exit'
2 warnings generated.
configure:20501: $? = 0
configure:20507: ./conftest
configure:20510: $? = 0
configure:20512: result: found
configure:20842: checking for in_addr_t
configure:20874: /Data2/guoyq/InstrumentTool_build/bin/clang -c -g -fsanitize=trace  conftest.c >&5
configure:20880: $? = 0
configure:20895: result: yes
configure:20913: checking if zlib is wanted
configure:20928: result: yes
configure:20955: checking for inflateEnd in -lz
configure:20990: /Data2/guoyq/InstrumentTool_build/bin/clang -o conftest -g -fsanitize=trace  -I/usr/include -g -fsanitize=trace -L/usr/lib conftest.c -lz   >&5
configure:20996: $? = 0
configure:21014: result: yes
configure:21032: checking zlib.h usability
configure:21049: /Data2/guoyq/InstrumentTool_build/bin/clang -c -g -fsanitize=trace  -I/usr/include conftest.c >&5
configure:21055: $? = 0
configure:21069: result: yes
configure:21073: checking zlib.h presence
configure:21088: /Data2/guoyq/InstrumentTool_build/bin/clang -E  -I/usr/include conftest.c
configure:21094: $? = 0
configure:21108: result: yes
configure:21136: checking for zlib.h
configure:21143: result: yes
configure:21166: checking for inflateEnd in -lz
configure:21225: result: yes
configure:21236: checking zlib in /usr
configure:21238: result: ok
configure:21259: checking for getaddrinfo in -lc
configure:21294: /Data2/guoyq/InstrumentTool_build/bin/clang -o conftest -g -fsanitize=trace  -I/usr/include -g -fsanitize=trace -L/usr/lib conftest.c -lc  -lz  >&5
configure:21300: $? = 0
configure:21318: result: yes
configure:21335: checking for fopen64 in -lc
configure:21370: /Data2/guoyq/InstrumentTool_build/bin/clang -o conftest -g -fsanitize=trace  -I/usr/include -g -fsanitize=trace -L/usr/lib conftest.c -lc  -lz  >&5
configure:21376: $? = 0
configure:21394: result: yes
configure:21411: checking for pthread_create in -lpthread
configure:21446: /Data2/guoyq/InstrumentTool_build/bin/clang -o conftest -g -fsanitize=trace  -I/usr/include -g -fsanitize=trace -L/usr/lib conftest.c -lpthread  -lz  >&5
configure:21452: $? = 0
configure:21470: result: yes
configure:21643: checking for socket in -lsocket
configure:21678: /Data2/guoyq/InstrumentTool_build/bin/clang -o conftest -g -fsanitize=trace  -I/usr/include -g -fsanitize=trace -L/usr/lib conftest.c -lsocket  -lz  >&5
/usr/bin/ld: cannot find -lsocket
clang-12: error: linker command failed with exit code 1 (use -v to see invocation)
configure:21684: $? = 1
configure: failed program was:
| /* confdefs.h.  */
| #define PACKAGE_NAME ""
| #define PACKAGE_TARNAME ""
| #define PACKAGE_VERSION ""
| #define PACKAGE_STRING ""
| #define PACKAGE_BUGREPORT ""
| #define PACKAGE "httrack"
| #define VERSION "3.43.9"
| #define STDC_HEADERS 1
| #define HAVE_SYS_TYPES_H 1
| #define HAVE_SYS_STAT_H 1
| #define HAVE_STDLIB_H 1
| #define HAVE_STRING_H 1
| #define HAVE_MEMORY_H 1
| #define HAVE_STRINGS_H 1
| #define HAVE_INTTYPES_H 1
| #define HAVE_STDINT_H 1
| #define HAVE_UNISTD_H 1
| #define HAVE_DLFCN_H 1
| #define SIZEOF_LONG 8
| #define SIZEOF_LONG_LONG 8
| #define LLINT_FORMAT "%ld"
| #define LLINT_TYPE long int
| #define HTS_DO_NOT_REDEFINE_in_addr_t
| #define HAVE_LIBZ 1
| #define HTS_INET6 1
| #define HTS_LFS 1
| #define THREADS 1
| /* end confdefs.h.  */
| 
| /* Override any GCC internal prototype to avoid an error.
|    Use char because int might match the return type of a GCC
|    builtin and then its argument prototype would still apply.  */
| #ifdef __cplusplus
| extern "C"
| #endif
| char socket ();
| int
| main ()
| {
| return socket ();
|   ;
|   return 0;
| }
configure:21702: result: no
configure:21712: result: not necessary
configure:21719: checking for dlopen in -ldl
configure:21754: /Data2/guoyq/InstrumentTool_build/bin/clang -o conftest -g -fsanitize=trace  -I/usr/include -g -fsanitize=trace -L/usr/lib conftest.c -ldl  -lz  >&5
configure:21760: $? = 0
configure:21778: result: yes
configure:21872: checking for ftime in -lc
configure:21907: /Data2/guoyq/InstrumentTool_build/bin/clang -o conftest -g -fsanitize=trace  -I/usr/include -g -fsanitize=trace -L/usr/lib conftest.c -lc  -lz  >&5
configure:21913: $? = 0
configure:21931: result: yes
configure:21947: checking for setuid in -lc
configure:21982: /Data2/guoyq/InstrumentTool_build/bin/clang -o conftest -g -fsanitize=trace  -I/usr/include -g -fsanitize=trace -L/usr/lib conftest.c -lc  -lz  >&5
configure:21988: $? = 0
configure:22006: result: yes
configure:22027: checking for snprintf
configure:22083: /Data2/guoyq/InstrumentTool_build/bin/clang -o conftest -g -fsanitize=trace  -I/usr/include -g -fsanitize=trace -L/usr/lib conftest.c -lz  >&5
conftest.c:56:6: warning: incompatible redeclaration of library function 'snprintf' [-Wincompatible-library-redeclaration]
char snprintf ();
     ^
conftest.c:56:6: note: 'snprintf' is a builtin with type 'int (char *, unsigned long, const char *, ...)'
1 warning generated.
configure:22089: $? = 0
configure:22107: result: yes
configure:22027: checking for vsnprintf
configure:22083: /Data2/guoyq/InstrumentTool_build/bin/clang -o conftest -g -fsanitize=trace  -I/usr/include -g -fsanitize=trace -L/usr/lib conftest.c -lz  >&5
conftest.c:57:6: warning: incompatible redeclaration of library function 'vsnprintf' [-Wincompatible-library-redeclaration]
char vsnprintf ();
     ^
conftest.c:57:6: note: 'vsnprintf' is a builtin with type 'int (char *, unsigned long, const char *, struct __va_list_tag *)'
1 warning generated.
configure:22089: $? = 0
configure:22107: result: yes
configure:22117: checking for working snprintf
configure:22153: /Data2/guoyq/InstrumentTool_build/bin/clang -o conftest -g -fsanitize=trace  -I/usr/include -g -fsanitize=trace -L/usr/lib conftest.c -lz  >&5
conftest.c:43:9: warning: implicitly declaring library function 'strcmp' with type 'int (const char *, const char *)' [-Wimplicit-function-declaration]
    if (strcmp (bufs, "1")) exit (1);
        ^
conftest.c:43:9: note: include the header <string.h> or explicitly provide a declaration for 'strcmp'
conftest.c:43:29: warning: implicitly declaring library function 'exit' with type 'void (int) __attribute__((noreturn))' [-Wimplicit-function-declaration]
    if (strcmp (bufs, "1")) exit (1);
                            ^
conftest.c:43:29: note: include the header <stdlib.h> or explicitly provide a declaration for 'exit'
2 warnings generated.
configure:22156: $? = 0
configure:22162: ./conftest
configure:22165: $? = 0
configure:22182: result: yes
configure:22184: checking for working vsnprintf
configure:22231: /Data2/guoyq/InstrumentTool_build/bin/clang -o conftest -g -fsanitize=trace  -I/usr/include -g -fsanitize=trace -L/usr/lib conftest.c -lz  >&5
conftest.c:54:9: warning: implicitly declaring library function 'strcmp' with type 'int (const char *, const char *)' [-Wimplicit-function-declaration]
    if (strcmp (bufs, "1")) exit (1);
        ^
conftest.c:54:9: note: include the header <string.h> or explicitly provide a declaration for 'strcmp'
conftest.c:54:29: warning: implicitly declaring library function 'exit' with type 'void (int) __attribute__((noreturn))' [-Wimplicit-function-declaration]
    if (strcmp (bufs, "1")) exit (1);
                            ^
conftest.c:54:29: note: include the header <stdlib.h> or explicitly provide a declaration for 'exit'
2 warnings generated.
configure:22234: $? = 0
configure:22240: ./conftest
configure:22243: $? = 0
configure:22260: result: yes
configure:22400: creating ./config.status

## ---------------------- ##
## Running config.status. ##
## ---------------------- ##

This file was extended by config.status, which was
generated by GNU Autoconf 2.61.  Invocation command line was

  CONFIG_FILES    = 
  CONFIG_HEADERS  = 
  CONFIG_LINKS    = 
  CONFIG_COMMANDS = 
  $ ./config.status 

on eagle

config.status:677: creating Makefile
config.status:677: creating src/Makefile
config.status:677: creating man/Makefile
config.status:677: creating m4/Makefile
config.status:677: creating templates/Makefile
config.status:677: creating lang/Makefile
config.status:677: creating html/Makefile
config.status:677: creating libtest/Makefile
config.status:677: creating config.h
config.status:912: config.h is unchanged
config.status:958: executing depfiles commands

## ---------------- ##
## Cache variables. ##
## ---------------- ##

ac_cv_build=x86_64-unknown-linux-gnu
ac_cv_c_compiler_gnu=yes
ac_cv_cxx_compiler_gnu=yes
ac_cv_env_CCC_set=
ac_cv_env_CCC_value=
ac_cv_env_CC_set=set
ac_cv_env_CC_value=/Data2/guoyq/InstrumentTool_build/bin/clang
ac_cv_env_CFLAGS_set=set
ac_cv_env_CFLAGS_value='-g -fsanitize=trace'
ac_cv_env_CPPFLAGS_set=
ac_cv_env_CPPFLAGS_value=
ac_cv_env_CPP_set=
ac_cv_env_CPP_value=
ac_cv_env_CXXCPP_set=
ac_cv_env_CXXCPP_value=
ac_cv_env_CXXFLAGS_set=set
ac_cv_env_CXXFLAGS_value='-g -fsanitize=trace'
ac_cv_env_CXX_set=set
ac_cv_env_CXX_value=/Data2/guoyq/InstrumentTool_build/bin/clang++
ac_cv_env_F77_set=
ac_cv_env_F77_value=
ac_cv_env_FFLAGS_set=
ac_cv_env_FFLAGS_value=
ac_cv_env_LDFLAGS_set=set
ac_cv_env_LDFLAGS_value='-g -fsanitize=trace'
ac_cv_env_LIBS_set=
ac_cv_env_LIBS_value=
ac_cv_env_build_alias_set=
ac_cv_env_build_alias_value=
ac_cv_env_host_alias_set=
ac_cv_env_host_alias_value=
ac_cv_env_target_alias_set=
ac_cv_env_target_alias_value=
ac_cv_f77_compiler_gnu=yes
ac_cv_func_snprintf=yes
ac_cv_func_vsnprintf=yes
ac_cv_have_working_snprintf=yes
ac_cv_have_working_vsnprintf=yes
ac_cv_header_dlfcn_h=yes
ac_cv_header_inttypes_h=yes
ac_cv_header_memory_h=yes
ac_cv_header_stdc=yes
ac_cv_header_stdint_h=yes
ac_cv_header_stdlib_h=yes
ac_cv_header_string_h=yes
ac_cv_header_strings_h=yes
ac_cv_header_sys_stat_h=yes
ac_cv_header_sys_types_h=yes
ac_cv_header_unistd_h=yes
ac_cv_header_zlib_h=yes
ac_cv_host=x86_64-unknown-linux-gnu
ac_cv_lib_c_fopen64=yes
ac_cv_lib_c_ftime=yes
ac_cv_lib_c_getaddrinfo=yes
ac_cv_lib_c_setuid=yes
ac_cv_lib_dl_dlopen=yes
ac_cv_lib_pthread_pthread_create=yes
ac_cv_lib_socket_socket=no
ac_cv_lib_z_inflateEnd=yes
ac_cv_objext=o
ac_cv_path_EGREP='/usr/bin/grep -E'
ac_cv_path_GREP=/usr/bin/grep
ac_cv_path_install='/usr/bin/install -c'
ac_cv_prog_AWK=gawk
ac_cv_prog_CPP='/Data2/guoyq/InstrumentTool_build/bin/clang -E'
ac_cv_prog_CXXCPP='/Data2/guoyq/InstrumentTool_build/bin/clang++ -E'
ac_cv_prog_ac_ct_AR=ar
ac_cv_prog_ac_ct_CC=/Data2/guoyq/InstrumentTool_build/bin/clang
ac_cv_prog_ac_ct_F77=f77
ac_cv_prog_ac_ct_RANLIB=ranlib
ac_cv_prog_ac_ct_STRIP=strip
ac_cv_prog_cc_c89=
ac_cv_prog_cc_g=yes
ac_cv_prog_cxx_g=yes
ac_cv_prog_f77_g=yes
ac_cv_prog_make_make_set=yes
ac_cv_sizeof_long=8
ac_cv_sizeof_long_long=8
ac_cv_type_in_addr_t=yes
ac_cv_type_long=yes
ac_cv_type_long_long=yes
am_cv_CC_dependencies_compiler_type=gcc3
am_cv_CXX_dependencies_compiler_type=gcc3
lt_cv_deplibs_check_method=pass_all
lt_cv_file_magic_cmd='$MAGIC_CMD'
lt_cv_file_magic_test_file=
lt_cv_ld_reload_flag=-r
lt_cv_objdir=.libs
lt_cv_path_LD=/usr/bin/ld
lt_cv_path_LDCXX='/usr/bin/ld -m elf_x86_64'
lt_cv_path_NM='/usr/bin/nm -B'
lt_cv_path_SED=/usr/bin/sed
lt_cv_prog_compiler_c_o=yes
lt_cv_prog_compiler_c_o_CXX=yes
lt_cv_prog_compiler_c_o_F77=yes
lt_cv_prog_compiler_pic_works=yes
lt_cv_prog_compiler_pic_works_CXX=yes
lt_cv_prog_compiler_pic_works_F77=yes
lt_cv_prog_compiler_rtti_exceptions=yes
lt_cv_prog_compiler_static_works=yes
lt_cv_prog_compiler_static_works_CXX=yes
lt_cv_prog_compiler_static_works_F77=no
lt_cv_prog_gnu_ld=yes
lt_cv_prog_gnu_ldcxx=yes
lt_cv_sys_global_symbol_pipe='sed -n -e '\''s/^.*[ 	]\([ABCDGIRSTW][ABCDGIRSTW]*\)[ 	][ 	]*\([_A-Za-z][_A-Za-z0-9]*\)$/\1 \2 \2/p'\'''
lt_cv_sys_global_symbol_to_c_name_address='sed -n -e '\''s/^: \([^ ]*\) $/  {\"\1\", (lt_ptr) 0},/p'\'' -e '\''s/^[BCDEGRST] \([^ ]*\) \([^ ]*\)$/  {"\2", (lt_ptr) \&\2},/p'\'''
lt_cv_sys_global_symbol_to_cdecl='sed -n -e '\''s/^. .* \(.*\)$/extern int \1;/p'\'''
lt_cv_sys_lib_dlsearch_path_spec='/lib /usr/lib '
lt_cv_sys_lib_search_path_spec='/Data2/guoyq/InstrumentTool_build/lib/clang/12.0.0 /usr/lib/gcc/x86_64-linux-gnu/9 /usr/lib/x86_64-linux-gnu /usr/lib64 /lib/x86_64-linux-gnu /lib64 /usr/lib /Data2/guoyq/InstrumentTool_build/lib /lib'
lt_cv_sys_max_cmd_len=1572864
lt_lt_cv_prog_compiler_c_o='"yes"'
lt_lt_cv_prog_compiler_c_o_CXX='"yes"'
lt_lt_cv_prog_compiler_c_o_F77='"yes"'
lt_lt_cv_sys_global_symbol_pipe='"sed -n -e '\''s/^.*[ 	]\\([ABCDGIRSTW][ABCDGIRSTW]*\\)[ 	][ 	]*\\([_A-Za-z][_A-Za-z0-9]*\\)\$/\\1 \\2 \\2/p'\''"'
lt_lt_cv_sys_global_symbol_to_c_name_address='"sed -n -e '\''s/^: \\([^ ]*\\) \$/  {\\\"\\1\\\", (lt_ptr) 0},/p'\'' -e '\''s/^[BCDEGRST] \\([^ ]*\\) \\([^ ]*\\)\$/  {\"\\2\", (lt_ptr) \\&\\2},/p'\''"'
lt_lt_cv_sys_global_symbol_to_cdecl='"sed -n -e '\''s/^. .* \\(.*\\)\$/extern int \\1;/p'\''"'
zlib_cv_libz=yes
zlib_cv_zlib_h=yes

## ----------------- ##
## Output variables. ##
## ----------------- ##

ACLOCAL='${SHELL} /Data2/guoyq/program_src/httrack-3.43.9/missing --run aclocal-1.7'
AMDEPBACKSLASH='\'
AMDEP_FALSE='#'
AMDEP_TRUE=''
AMTAR='${SHELL} /Data2/guoyq/program_src/httrack-3.43.9/missing --run tar'
AR='ar'
AUTOCONF='${SHELL} /Data2/guoyq/program_src/httrack-3.43.9/missing --run autoconf'
AUTOHEADER='${SHELL} /Data2/guoyq/program_src/httrack-3.43.9/missing --run autoheader'
AUTOMAKE='${SHELL} /Data2/guoyq/program_src/httrack-3.43.9/missing --run automake-1.7'
AWK='gawk'
CC='/Data2/guoyq/InstrumentTool_build/bin/clang'
CCDEPMODE='depmode=gcc3'
CFLAGS='-g -fsanitize=trace'
CPP='/Data2/guoyq/InstrumentTool_build/bin/clang -E'
CPPFLAGS=' -I/usr/include'
CXX='/Data2/guoyq/InstrumentTool_build/bin/clang++'
CXXCPP='/Data2/guoyq/InstrumentTool_build/bin/clang++ -E'
CXXDEPMODE='depmode=gcc3'
CXXFLAGS='-g -fsanitize=trace'
CYGPATH_W='echo'
DEFAULT_CFLAGS='-O -g3 -Wall -Wcast-align -Wstrict-prototypes -Wmissing-prototypes -Wmissing-declarations -Wpointer-arith -Wnested-externs -D_REENTRANT'
DEFS='-DHAVE_CONFIG_H'
DEPDIR='.deps'
DL_LIBS='-ldl'
DSYMUTIL=''
ECHO='echo'
ECHO_C=''
ECHO_N='-n'
ECHO_T=''
EGREP='/usr/bin/grep -E'
EXEEXT=''
F77='f77'
FFLAGS='-g -O2'
GREP='/usr/bin/grep'
INSTALL_DATA='${INSTALL} -m 644'
INSTALL_PROGRAM='${INSTALL}'
INSTALL_SCRIPT='${INSTALL}'
INSTALL_STRIP_PROGRAM='${SHELL} $(install_sh) -c -s'
LDFLAGS='-g -fsanitize=trace -L/usr/lib'
LFS_FLAG='-D_FILE_OFFSET_BITS=64 -D_LARGEFILE_SOURCE -D_LARGEFILE64_SOURCE'
LIBOBJS=''
LIBS='-lz '
LIBTOOL='$(SHELL) $(top_builddir)/libtool'
LN_S='ln -s'
LTLIBOBJS=''
MAINT='#'
MAINTAINER_MODE_FALSE=''
MAINTAINER_MODE_TRUE='#'
MAKEINFO='${SHELL} /Data2/guoyq/program_src/httrack-3.43.9/missing --run makeinfo'
NMEDIT=''
OBJEXT='o'
PACKAGE='httrack'
PACKAGE_BUGREPORT=''
PACKAGE_NAME=''
PACKAGE_STRING=''
PACKAGE_TARNAME=''
PACKAGE_VERSION=''
PATH_SEPARATOR=':'
RANLIB='ranlib'
SED='/usr/bin/sed'
SET_MAKE=''
SHELL='/bin/bash'
SOCKET_LIBS=''
STRIP='strip'
THREADS_CFLAGS=''
THREADS_LIBS='-lpthread'
V6_FLAG='-DINET6'
VERSION='3.43.9'
VERSION_INFO='2:43:0'
ac_ct_CC='/Data2/guoyq/InstrumentTool_build/bin/clang'
ac_ct_CXX=''
ac_ct_F77='f77'
am__fastdepCC_FALSE='#'
am__fastdepCC_TRUE=''
am__fastdepCXX_FALSE='#'
am__fastdepCXX_TRUE=''
am__include='include'
am__leading_dot='.'
am__quote=''
bindir='${exec_prefix}/bin'
build='x86_64-unknown-linux-gnu'
build_alias=''
build_cpu='x86_64'
build_os='linux-gnu'
build_vendor='unknown'
datadir='${datarootdir}'
datarootdir='${prefix}/share'
docdir='${datarootdir}/doc/${PACKAGE}'
dvidir='${docdir}'
exec_prefix='${prefix}'
host='x86_64-unknown-linux-gnu'
host_alias=''
host_cpu='x86_64'
host_os='linux-gnu'
host_vendor='unknown'
htmldir='${docdir}'
includedir='${prefix}/include'
infodir='${datarootdir}/info'
install_sh='/Data2/guoyq/program_src/httrack-3.43.9/install-sh'
libdir='${exec_prefix}/lib'
libexecdir='${exec_prefix}/libexec'
localedir='${datarootdir}/locale'
localstatedir='${prefix}/var'
mandir='${datarootdir}/man'
oldincludedir='/usr/include'
pdfdir='${docdir}'
prefix='/Data2/guoyq/program_install/'
program_transform_name='s,x,x,'
psdir='${docdir}'
sbindir='${exec_prefix}/sbin'
sharedstatedir='${prefix}/com'
sysconfdir='${prefix}/etc'
target_alias=''

## ----------- ##
## confdefs.h. ##
## ----------- ##

#define PACKAGE_NAME ""
#define PACKAGE_TARNAME ""
#define PACKAGE_VERSION ""
#define PACKAGE_STRING ""
#define PACKAGE_BUGREPORT ""
#define PACKAGE "httrack"
#define VERSION "3.43.9"
#define STDC_HEADERS 1
#define HAVE_SYS_TYPES_H 1
#define HAVE_SYS_STAT_H 1
#define HAVE_STDLIB_H 1
#define HAVE_STRING_H 1
#define HAVE_MEMORY_H 1
#define HAVE_STRINGS_H 1
#define HAVE_INTTYPES_H 1
#define HAVE_STDINT_H 1
#define HAVE_UNISTD_H 1
#define HAVE_DLFCN_H 1
#define SIZEOF_LONG 8
#define SIZEOF_LONG_LONG 8
#define LLINT_FORMAT "%ld"
#define LLINT_TYPE long int
#define HTS_DO_NOT_REDEFINE_in_addr_t
#define HAVE_LIBZ 1
#define HTS_INET6 1
#define HTS_LFS 1
#define THREADS 1
#define DLLIB 1
#define FTIME 1
#define SETUID 1
#define HAVE_SNPRINTF 1
#define HAVE_VSNPRINTF 1

configure: exit 0
